<?xml version="1.0" encoding="UTF-8"?>
<!-- Generated by org.testng.reporters.JUnitXMLReporter -->
<testsuite ignored="0" hostname="DESKTOP-GJVT0AB" failures="1" tests="2" name="Test" time="13.195" errors="0" timestamp="2023-02-03T07:52:28 EST">
  <testcase classname="testcases.AdminFunctionalityTest" name="testToShowFailure" time="0.022">
    <failure type="java.lang.AssertionError" message="expected [Hospital Management] but found [LazyCoder || sumit]">
      <![CDATA[java.lang.AssertionError: expected [Hospital Management] but found [LazyCoder || sumit]
at testcases.AdminFunctionalityTest.testToShowFailure(AdminFunctionalityTest.java:34)
at java.base/java.util.ArrayList.forEach(ArrayList.java:1511)
... Removed 33 stack frames]]>
    </failure>
  </testcase> <!-- testToShowFailure -->
  <testcase classname="testcases.AdminFunctionalityTest" name="verifyAdminCreation" time="1.749"/>
</testsuite> <!-- Test -->
